[2020-07-12 11:57:05.937] [renderer1] [error] <semantic> TypeScript Server Error (3.9.4)
Debug Failure. False expression: `JsxText` tokens should not be the first child of `JsxElement | JsxSelfClosingElement`
Error: Debug Failure. False expression: `JsxText` tokens should not be the first child of `JsxElement | JsxSelfClosingElement`
    at findRightmostChildNodeWithTokens (/snap/code/35/usr/share/code/resources/app/extensions/node_modules/typescript/lib/tsserver.js:108849:26)
    at find (/snap/code/35/usr/share/code/resources/app/extensions/node_modules/typescript/lib/tsserver.js:108826:29)
    at findPrecedingToken (/snap/code/35/usr/share/code/resources/app/extensions/node_modules/typescript/lib/tsserver.js:108790:22)
    at getTokenAtPositionWorker (/snap/code/35/usr/share/code/resources/app/extensions/node_modules/typescript/lib/tsserver.js:108740:41)
    at getTouchingToken (/snap/code/35/usr/share/code/resources/app/extensions/node_modules/typescript/lib/tsserver.js:108714:16)
    at Object.getTouchingPropertyName (/snap/code/35/usr/share/code/resources/app/extensions/node_modules/typescript/lib/tsserver.js:108706:16)
    at Proxy.getQuickInfoAtPosition (/snap/code/35/usr/share/code/resources/app/extensions/node_modules/typescript/lib/tsserver.js:138886:27)
    at IOSession.Session.getQuickInfoWorker (/snap/code/35/usr/share/code/resources/app/extensions/node_modules/typescript/lib/tsserver.js:148846:62)
    at Session.handlers.ts.createMapFromTemplate._a.<computed> (/snap/code/35/usr/share/code/resources/app/extensions/node_modules/typescript/lib/tsserver.js:147838:61)
    at /snap/code/35/usr/share/code/resources/app/extensions/node_modules/typescript/lib/tsserver.js:149526:88
    at IOSession.Session.executeWithRequestId (/snap/code/35/usr/share/code/resources/app/extensions/node_modules/typescript/lib/tsserver.js:149517:28)
    at IOSession.Session.executeCommand (/snap/code/35/usr/share/code/resources/app/extensions/node_modules/typescript/lib/tsserver.js:149526:33)
    at IOSession.Session.onMessage (/snap/code/35/usr/share/code/resources/app/extensions/node_modules/typescript/lib/tsserver.js:149550:35)
    at Interface.<anonymous> (/snap/code/35/usr/share/code/resources/app/extensions/node_modules/typescript/lib/tsserver.js:150866:27)
    at Interface.emit (events.js:203:13)
    at Interface._onLine (readline.js:316:10)
    at Interface._normalWrite (readline.js:461:12)
    at Socket.ondata (readline.js:172:10)
    at Socket.emit (events.js:203:13)
    at addChunk (_stream_readable.js:295:12)
    at readableAddChunk (_stream_readable.js:276:11)
    at Socket.Readable.push (_stream_readable.js:210:10)
    at Pipe.onStreamRead (internal/stream_base_commons.js:166:17): Error: <semantic> TypeScript Server Error (3.9.4)
Debug Failure. False expression: `JsxText` tokens should not be the first child of `JsxElement | JsxSelfClosingElement`
Error: Debug Failure. False expression: `JsxText` tokens should not be the first child of `JsxElement | JsxSelfClosingElement`
    at findRightmostChildNodeWithTokens (/snap/code/35/usr/share/code/resources/app/extensions/node_modules/typescript/lib/tsserver.js:108849:26)
    at find (/snap/code/35/usr/share/code/resources/app/extensions/node_modules/typescript/lib/tsserver.js:108826:29)
    at findPrecedingToken (/snap/code/35/usr/share/code/resources/app/extensions/node_modules/typescript/lib/tsserver.js:108790:22)
    at getTokenAtPositionWorker (/snap/code/35/usr/share/code/resources/app/extensions/node_modules/typescript/lib/tsserver.js:108740:41)
    at getTouchingToken (/snap/code/35/usr/share/code/resources/app/extensions/node_modules/typescript/lib/tsserver.js:108714:16)
    at Object.getTouchingPropertyName (/snap/code/35/usr/share/code/resources/app/extensions/node_modules/typescript/lib/tsserver.js:108706:16)
    at Proxy.getQuickInfoAtPosition (/snap/code/35/usr/share/code/resources/app/extensions/node_modules/typescript/lib/tsserver.js:138886:27)
    at IOSession.Session.getQuickInfoWorker (/snap/code/35/usr/share/code/resources/app/extensions/node_modules/typescript/lib/tsserver.js:148846:62)
    at Session.handlers.ts.createMapFromTemplate._a.<computed> (/snap/code/35/usr/share/code/resources/app/extensions/node_modules/typescript/lib/tsserver.js:147838:61)
    at /snap/code/35/usr/share/code/resources/app/extensions/node_modules/typescript/lib/tsserver.js:149526:88
    at IOSession.Session.executeWithRequestId (/snap/code/35/usr/share/code/resources/app/extensions/node_modules/typescript/lib/tsserver.js:149517:28)
    at IOSession.Session.executeCommand (/snap/code/35/usr/share/code/resources/app/extensions/node_modules/typescript/lib/tsserver.js:149526:33)
    at IOSession.Session.onMessage (/snap/code/35/usr/share/code/resources/app/extensions/node_modules/typescript/lib/tsserver.js:149550:35)
    at Interface.<anonymous> (/snap/code/35/usr/share/code/resources/app/extensions/node_modules/typescript/lib/tsserver.js:150866:27)
    at Interface.emit (events.js:203:13)
    at Interface._onLine (readline.js:316:10)
    at Interface._normalWrite (readline.js:461:12)
    at Socket.ondata (readline.js:172:10)
    at Socket.emit (events.js:203:13)
    at addChunk (_stream_readable.js:295:12)
    at readableAddChunk (_stream_readable.js:276:11)
    at Socket.Readable.push (_stream_readable.js:210:10)
    at Pipe.onStreamRead (internal/stream_base_commons.js:166:17)
	at Function.create (/snap/code/35/usr/share/code/resources/app/extensions/typescript-language-features/dist/extension.js:1:54700)
	at e.dispatchResponse (/snap/code/35/usr/share/code/resources/app/extensions/typescript-language-features/dist/extension.js:1:226420)
	at e.dispatchMessage (/snap/code/35/usr/share/code/resources/app/extensions/typescript-language-features/dist/extension.js:1:225338)
	at /snap/code/35/usr/share/code/resources/app/extensions/typescript-language-features/dist/extension.js:1:224814
	at e.fire (/snap/code/35/usr/share/code/resources/app/out/vs/workbench/services/extensions/node/extensionHostProcess.js:46:242)
	at t.Reader.onLengthData (/snap/code/35/usr/share/code/resources/app/extensions/typescript-language-features/dist/extension.js:1:233476)
	at Socket.<anonymous> (/snap/code/35/usr/share/code/resources/app/extensions/typescript-language-features/dist/extension.js:1:233124)
	at Socket.emit (events.js:203:13)
	at addChunk (_stream_readable.js:295:12)
	at readableAddChunk (_stream_readable.js:276:11)
	at Socket.Readable.push (_stream_readable.js:210:10)
	at Pipe.onStreamRead (internal/stream_base_commons.js:166:17)
[2020-07-12 12:09:56.081] [renderer1] [error] <syntax> TypeScript Server Error (3.9.4)
Debug Failure. False expression: Expected line to be non-zero
Error: Debug Failure. False expression: Expected line to be non-zero
    at failIfInvalidLocation (/snap/code/35/usr/share/code/resources/app/extensions/node_modules/typescript/lib/tsserver.js:142416:22)
    at ScriptInfo.positionToLineOffset (/snap/code/35/usr/share/code/resources/app/extensions/node_modules/typescript/lib/tsserver.js:142389:17)
    at toProtocolTextSpan (/snap/code/35/usr/share/code/resources/app/extensions/node_modules/typescript/lib/tsserver.js:149600:35)
    at /snap/code/35/usr/share/code/resources/app/extensions/node_modules/typescript/lib/tsserver.js:149130:68
    at Array.map (<anonymous>)
    at IOSession.Session.toLocationNavigationTree (/snap/code/35/usr/share/code/resources/app/extensions/node_modules/typescript/lib/tsserver.js:149130:39)
    at IOSession.Session.getNavigationTree (/snap/code/35/usr/share/code/resources/app/extensions/node_modules/typescript/lib/tsserver.js:149141:32)
    at Session.handlers.ts.createMapFromTemplate._a.<computed> (/snap/code/35/usr/share/code/resources/app/extensions/node_modules/typescript/lib/tsserver.js:147984:61)
    at /snap/code/35/usr/share/code/resources/app/extensions/node_modules/typescript/lib/tsserver.js:149526:88
    at IOSession.Session.executeWithRequestId (/snap/code/35/usr/share/code/resources/app/extensions/node_modules/typescript/lib/tsserver.js:149517:28)
    at IOSession.Session.executeCommand (/snap/code/35/usr/share/code/resources/app/extensions/node_modules/typescript/lib/tsserver.js:149526:33)
    at IOSession.Session.onMessage (/snap/code/35/usr/share/code/resources/app/extensions/node_modules/typescript/lib/tsserver.js:149550:35)
    at Interface.<anonymous> (/snap/code/35/usr/share/code/resources/app/extensions/node_modules/typescript/lib/tsserver.js:150866:27)
    at Interface.emit (events.js:203:13)
    at Interface._onLine (readline.js:316:10)
    at Interface._normalWrite (readline.js:461:12)
    at Socket.ondata (readline.js:172:10)
    at Socket.emit (events.js:203:13)
    at addChunk (_stream_readable.js:295:12)
    at readableAddChunk (_stream_readable.js:276:11)
    at Socket.Readable.push (_stream_readable.js:210:10)
    at Pipe.onStreamRead (internal/stream_base_commons.js:166:17): Error: <syntax> TypeScript Server Error (3.9.4)
Debug Failure. False expression: Expected line to be non-zero
Error: Debug Failure. False expression: Expected line to be non-zero
    at failIfInvalidLocation (/snap/code/35/usr/share/code/resources/app/extensions/node_modules/typescript/lib/tsserver.js:142416:22)
    at ScriptInfo.positionToLineOffset (/snap/code/35/usr/share/code/resources/app/extensions/node_modules/typescript/lib/tsserver.js:142389:17)
    at toProtocolTextSpan (/snap/code/35/usr/share/code/resources/app/extensions/node_modules/typescript/lib/tsserver.js:149600:35)
    at /snap/code/35/usr/share/code/resources/app/extensions/node_modules/typescript/lib/tsserver.js:149130:68
    at Array.map (<anonymous>)
    at IOSession.Session.toLocationNavigationTree (/snap/code/35/usr/share/code/resources/app/extensions/node_modules/typescript/lib/tsserver.js:149130:39)
    at IOSession.Session.getNavigationTree (/snap/code/35/usr/share/code/resources/app/extensions/node_modules/typescript/lib/tsserver.js:149141:32)
    at Session.handlers.ts.createMapFromTemplate._a.<computed> (/snap/code/35/usr/share/code/resources/app/extensions/node_modules/typescript/lib/tsserver.js:147984:61)
    at /snap/code/35/usr/share/code/resources/app/extensions/node_modules/typescript/lib/tsserver.js:149526:88
    at IOSession.Session.executeWithRequestId (/snap/code/35/usr/share/code/resources/app/extensions/node_modules/typescript/lib/tsserver.js:149517:28)
    at IOSession.Session.executeCommand (/snap/code/35/usr/share/code/resources/app/extensions/node_modules/typescript/lib/tsserver.js:149526:33)
    at IOSession.Session.onMessage (/snap/code/35/usr/share/code/resources/app/extensions/node_modules/typescript/lib/tsserver.js:149550:35)
    at Interface.<anonymous> (/snap/code/35/usr/share/code/resources/app/extensions/node_modules/typescript/lib/tsserver.js:150866:27)
    at Interface.emit (events.js:203:13)
    at Interface._onLine (readline.js:316:10)
    at Interface._normalWrite (readline.js:461:12)
    at Socket.ondata (readline.js:172:10)
    at Socket.emit (events.js:203:13)
    at addChunk (_stream_readable.js:295:12)
    at readableAddChunk (_stream_readable.js:276:11)
    at Socket.Readable.push (_stream_readable.js:210:10)
    at Pipe.onStreamRead (internal/stream_base_commons.js:166:17)
	at Function.create (/snap/code/35/usr/share/code/resources/app/extensions/typescript-language-features/dist/extension.js:1:54700)
	at e.dispatchResponse (/snap/code/35/usr/share/code/resources/app/extensions/typescript-language-features/dist/extension.js:1:226420)
	at e.dispatchMessage (/snap/code/35/usr/share/code/resources/app/extensions/typescript-language-features/dist/extension.js:1:225338)
	at /snap/code/35/usr/share/code/resources/app/extensions/typescript-language-features/dist/extension.js:1:224814
	at e.fire (/snap/code/35/usr/share/code/resources/app/out/vs/workbench/services/extensions/node/extensionHostProcess.js:46:242)
	at t.Reader.onLengthData (/snap/code/35/usr/share/code/resources/app/extensions/typescript-language-features/dist/extension.js:1:233476)
	at Socket.<anonymous> (/snap/code/35/usr/share/code/resources/app/extensions/typescript-language-features/dist/extension.js:1:233124)
	at Socket.emit (events.js:203:13)
	at addChunk (_stream_readable.js:295:12)
	at readableAddChunk (_stream_readable.js:276:11)
	at Socket.Readable.push (_stream_readable.js:210:10)
	at Pipe.onStreamRead (internal/stream_base_commons.js:166:17)
